<?xml version="1.0" encoding="UTF-8"?>
<!-- Generated by org.testng.reporters.JUnitReportReporter -->
<testsuite hostname="SPKarthick" failures="0" tests="1" name="com.coursera.org.UtilitiesTest.FileOutputTest" time="0.496" errors="0" timestamp="2021-10-01T19:49:35 IST" skipped="0">
  <testcase classname="com.coursera.org.UtilitiesTest.FileOutputTest" name="deleteValuesInSheet" time="0.496"/>
  <system-out/>
</testsuite> <!-- com.coursera.org.UtilitiesTest.FileOutputTest -->
