<?xml version="1.0" encoding="UTF-8"?>
<!-- Generated by org.testng.reporters.JUnitReportReporter -->
<testsuite hostname="LAPTOP-QVQKP2NB" failures="0" tests="1" name="com.coursera.org.UtilitiesTest.HighlighterAndScreenShotTest" time="14.099" errors="0" timestamp="2021-09-26T16:01:20 IST" skipped="0">
  <testcase classname="com.coursera.org.UtilitiesTest.HighlighterAndScreenShotTest" name="hightlightAndTakeScreenShot" time="14.099"/>
  <system-out/>
</testsuite> <!-- com.coursera.org.UtilitiesTest.HighlighterAndScreenShotTest -->
