<?xml version="1.0" encoding="UTF-8"?>
<!-- Generated by org.testng.reporters.JUnitReportReporter -->
<testsuite hostname="SPKarthick" failures="0" tests="12" name="com.coursera.org.FunctionalitiesTest.FormFillingFunctionalityTest" time="324.509" errors="0" timestamp="2021-09-29T17:17:45 IST" skipped="0">
  <testcase classname="com.coursera.org.FunctionalitiesTest.FormFillingFunctionalityTest" name="fillAllValues" time="25.459"/>
  <system-out/>
  <testcase classname="com.coursera.org.FunctionalitiesTest.FormFillingFunctionalityTest" name="fillAllValues" time="26.122"/>
  <system-out/>
  <testcase classname="com.coursera.org.FunctionalitiesTest.FormFillingFunctionalityTest" name="fillAllValues" time="24.261"/>
  <system-out/>
  <testcase classname="com.coursera.org.FunctionalitiesTest.FormFillingFunctionalityTest" name="fillAllValues" time="24.099"/>
  <system-out/>
  <testcase classname="com.coursera.org.FunctionalitiesTest.FormFillingFunctionalityTest" name="fillAllValues" time="24.526"/>
  <system-out/>
  <testcase classname="com.coursera.org.FunctionalitiesTest.FormFillingFunctionalityTest" name="fillAllValues" time="25.427"/>
  <system-out/>
  <testcase classname="com.coursera.org.FunctionalitiesTest.FormFillingFunctionalityTest" name="fillAllValues" time="24.698"/>
  <system-out/>
  <testcase classname="com.coursera.org.FunctionalitiesTest.FormFillingFunctionalityTest" name="fillAllValues" time="24.070"/>
  <system-out/>
  <testcase classname="com.coursera.org.FunctionalitiesTest.FormFillingFunctionalityTest" name="fillAllValues" time="22.446"/>
  <system-out/>
  <testcase classname="com.coursera.org.FunctionalitiesTest.FormFillingFunctionalityTest" name="fillAllValues" time="23.919"/>
  <system-out/>
  <testcase classname="com.coursera.org.FunctionalitiesTest.FormFillingFunctionalityTest" name="fillAllValues" time="55.232"/>
  <system-out/>
  <testcase classname="com.coursera.org.FunctionalitiesTest.FormFillingFunctionalityTest" name="fillAllValues" time="24.250"/>
  <system-out/>
</testsuite> <!-- com.coursera.org.FunctionalitiesTest.FormFillingFunctionalityTest -->
