<?xml version="1.0" encoding="UTF-8"?>
<!-- Generated by org.testng.reporters.JUnitReportReporter -->
<testsuite hostname="karan" failures="0" tests="2" name="com.coursera.org.test.FormFillingTestWithValidData" time="61.958" errors="0" timestamp="2021-10-03T19:02:15 IST" skipped="0">
  <testcase classname="com.coursera.org.test.FormFillingTestWithValidData" name="testLocateFormForSmokeTest" time="36.193"/>
  <system-out/>
  <testcase classname="com.coursera.org.test.FormFillingTestWithValidData" name="testPassValidDetails" time="25.765"/>
  <system-out/>
</testsuite> <!-- com.coursera.org.test.FormFillingTestWithValidData -->
