<?xml version="1.0" encoding="UTF-8"?>
<!-- Generated by org.testng.reporters.JUnitReportReporter -->
<testsuite hostname="karan" failures="0" tests="13" name="com.coursera.org.test.FormFillingTestWithInvalidData" time="361.262" errors="0" timestamp="2021-10-03T19:08:55 IST" skipped="0">
  <testcase classname="com.coursera.org.test.FormFillingTestWithInvalidData" name="testLocateFormForRegressionTest" time="41.809"/>
  <system-out/>
  <testcase classname="com.coursera.org.test.FormFillingTestWithInvalidData" name="testPassingInvalidDataIntoForm" time="25.319"/>
  <system-out/>
  <testcase classname="com.coursera.org.test.FormFillingTestWithInvalidData" name="testPassingInvalidDataIntoForm" time="27.316"/>
  <system-out/>
  <testcase classname="com.coursera.org.test.FormFillingTestWithInvalidData" name="testPassingInvalidDataIntoForm" time="24.961"/>
  <system-out/>
  <testcase classname="com.coursera.org.test.FormFillingTestWithInvalidData" name="testPassingInvalidDataIntoForm" time="25.866"/>
  <system-out/>
  <testcase classname="com.coursera.org.test.FormFillingTestWithInvalidData" name="testPassingInvalidDataIntoForm" time="25.067"/>
  <system-out/>
  <testcase classname="com.coursera.org.test.FormFillingTestWithInvalidData" name="testPassingInvalidDataIntoForm" time="34.812"/>
  <system-out/>
  <testcase classname="com.coursera.org.test.FormFillingTestWithInvalidData" name="testPassingInvalidDataIntoForm" time="27.577"/>
  <system-out/>
  <testcase classname="com.coursera.org.test.FormFillingTestWithInvalidData" name="testPassingInvalidDataIntoForm" time="23.424"/>
  <system-out/>
  <testcase classname="com.coursera.org.test.FormFillingTestWithInvalidData" name="testPassingInvalidDataIntoForm" time="25.617"/>
  <system-out/>
  <testcase classname="com.coursera.org.test.FormFillingTestWithInvalidData" name="testPassingInvalidDataIntoForm" time="25.675"/>
  <system-out/>
  <testcase classname="com.coursera.org.test.FormFillingTestWithInvalidData" name="testPassingInvalidDataIntoForm" time="28.496"/>
  <system-out/>
  <testcase classname="com.coursera.org.test.FormFillingTestWithInvalidData" name="testPassingInvalidDataIntoForm" time="25.323"/>
  <system-out/>
</testsuite> <!-- com.coursera.org.test.FormFillingTestWithInvalidData -->
