<?xml version="1.0" encoding="UTF-8"?>
<!-- Generated by org.testng.reporters.JUnitReportReporter -->
<testsuite hostname="LAPTOP-QVQKP2NB" failures="0" tests="1" name="com.coursera.org.UtilitiesTest.FileInputTest" time="0.009" errors="0" timestamp="2021-09-26T14:16:31 IST" skipped="0">
  <testcase classname="com.coursera.org.UtilitiesTest.FileInputTest" name="retriveInputData" time="0.009"/>
  <system-out/>
</testsuite> <!-- com.coursera.org.UtilitiesTest.FileInputTest -->
