<?xml version="1.0" encoding="UTF-8"?>
<!-- Generated by org.testng.reporters.JUnitReportReporter -->
<testsuite hostname="LAPTOP-QVQKP2NB" failures="0" tests="1" name="com.coursera.org.BaseTest.BasePackageTest" time="0.007" errors="0" timestamp="2021-09-25T17:20:54 IST" skipped="0">
  <testcase classname="com.coursera.org.BaseTest.BasePackageTest" name="testListToMapFunc" time="0.007"/>
  <system-out/>
</testsuite> <!-- com.coursera.org.BaseTest.BasePackageTest -->
