<?xml version="1.0" encoding="UTF-8"?>
<!-- Generated by org.testng.reporters.JUnitReportReporter -->
<testsuite hostname="LAPTOP-QVQKP2NB" failures="0" tests="1" name="com.coursera.org.FunctionalitiesTest.IdentifyCoursesTest" time="4.760" errors="0" timestamp="2021-09-27T16:15:16 IST" skipped="0">
  <testcase classname="com.coursera.org.FunctionalitiesTest.IdentifyCoursesTest" name="testIdentifyCouerses" time="4.760"/>
  <system-out/>
</testsuite> <!-- com.coursera.org.FunctionalitiesTest.IdentifyCoursesTest -->
