<?xml version="1.0" encoding="UTF-8"?>
<!-- Generated by org.testng.reporters.JUnitReportReporter -->
<testsuite hostname="karan" failures="0" tests="6" name="com.coursera.org.test.IdentifyCoursesTest$validateIdentifyCourses" time="71.831" errors="0" timestamp="2021-10-03T19:02:15 IST" skipped="0">
  <testcase classname="com.coursera.org.test.IdentifyCoursesTest$validateIdentifyCourses" name="testSearchingWebDevelopmentCourse" time="18.553"/>
  <system-out/>
  <testcase classname="com.coursera.org.test.IdentifyCoursesTest$validateIdentifyCourses" name="testApplyLanguagefilterAsEnglish" time="21.332"/>
  <system-out/>
  <testcase classname="com.coursera.org.test.IdentifyCoursesTest$validateIdentifyCourses" name="testApplyLevelfilterAsBeginner" time="2.253"/>
  <system-out/>
  <testcase classname="com.coursera.org.test.IdentifyCoursesTest$validateIdentifyCourses" name="testFetchFirstCourseDetails" time="9.392"/>
  <system-out>
    <![CDATA[ 
Details of First Course :
 
Course Name - Web Design for Everybody: Basics of Web Development & Coding
Course Rating - 4.7
Course Duration - Approximately 6 months to complete]]>
  </system-out>
  <testcase classname="com.coursera.org.test.IdentifyCoursesTest$validateIdentifyCourses" name="testFetchSecondCourseDetails" time="13.890"/>
  <system-out>
    <![CDATA[ 
Details of Second Course :
 
Course Name - Introduction to Web Development
Course Rating - 4.7
Course Duration - Approx. 22 hours to complete]]>
  </system-out>
  <testcase classname="com.coursera.org.test.IdentifyCoursesTest$validateIdentifyCourses" name="returnHomePage" time="6.411"/>
  <system-out/>
</testsuite> <!-- com.coursera.org.test.IdentifyCoursesTest$validateIdentifyCourses -->
