<?xml version="1.0" encoding="UTF-8"?>
<!-- Generated by org.testng.reporters.JUnitReportReporter -->
<testsuite hostname="karan" failures="0" tests="3" name="com.coursera.org.test.LanguageLearningCourseCountTest" time="27.237" errors="0" timestamp="2021-10-03T19:02:15 IST" skipped="0">
  <testcase classname="com.coursera.org.test.LanguageLearningCourseCountTest" name="testLoadLanguageLearningPage" time="10.935"/>
  <system-out/>
  <testcase classname="com.coursera.org.test.LanguageLearningCourseCountTest" name="testLevelFilterAndPrintingValuesInExcel" time="1.047"/>
  <system-out/>
  <testcase classname="com.coursera.org.test.LanguageLearningCourseCountTest" name="testLanguageFilterAndPrintingValuesInExcel" time="15.255"/>
  <system-out/>
</testsuite> <!-- com.coursera.org.test.LanguageLearningCourseCountTest -->
