<?xml version="1.0" encoding="UTF-8"?>
<!-- Generated by org.testng.reporters.JUnitReportReporter -->
<testsuite hostname="SPKarthick" failures="0" tests="2" name="com.coursera.org.UtilitiesTest.GenerateReportTest" time="0.245" errors="0" timestamp="2021-10-01T14:10:13 IST" skipped="0">
  <testcase classname="com.coursera.org.UtilitiesTest.GenerateReportTest" name="generateHTMLReport1" time="0.010"/>
  <system-out/>
  <testcase classname="com.coursera.org.UtilitiesTest.GenerateReportTest" name="generateHTMLReport2" time="0.235"/>
  <system-out/>
</testsuite> <!-- com.coursera.org.UtilitiesTest.GenerateReportTest -->
