<?xml version="1.0" encoding="UTF-8"?>
<!-- Generated by org.testng.reporters.JUnitReportReporter -->
<testsuite hostname="LAPTOP-QVQKP2NB" failures="0" tests="1" name="com.coursera.org.base.BasePackageTest" time="9.419" errors="0" timestamp="2021-09-25T15:34:35 IST" skipped="0">
  <testcase classname="com.coursera.org.base.BasePackageTest" name="testBasePackage" time="9.419"/>
  <system-out/>
</testsuite> <!-- com.coursera.org.base.BasePackageTest -->
