<?xml version="1.0" encoding="UTF-8"?>
<!-- Generated by org.testng.reporters.JUnitReportReporter -->
<testsuite hostname="SPKarthick" failures="0" tests="1" name="com.coursera.org.FunctionalitiesTest.LanguageLearningCoursesCountTest" time="25.175" errors="0" timestamp="2021-09-30T19:38:42 IST" skipped="0">
  <testcase classname="com.coursera.org.FunctionalitiesTest.LanguageLearningCoursesCountTest" name="testLoadLanguageLearningPage" time="25.175"/>
  <system-out/>
</testsuite> <!-- com.coursera.org.FunctionalitiesTest.LanguageLearningCoursesCountTest -->
