<?xml version="1.0" encoding="UTF-8"?>
<!-- Generated by org.testng.reporters.JUnitReportReporter -->
<testsuite hostname="SPKarthick" failures="0" tests="2" name="com.coursera.org.Test.FormFillingTest" time="36.632" errors="0" timestamp="2021-09-29T18:03:33 IST" skipped="0">
  <testcase classname="com.coursera.org.Test.FormFillingTest" name="locateForm" time="11.326"/>
  <system-out/>
  <testcase classname="com.coursera.org.Test.FormFillingTest" name="fillValidValues" time="25.306"/>
  <system-out/>
</testsuite> <!-- com.coursera.org.Test.FormFillingTest -->
